<?xml version="1.0" encoding="UTF-8"?>
<testng-results ignored="0" total="1" passed="1" failed="0" skipped="0">
  <reporter-output>
  </reporter-output>
  <suite started-at="2020-07-30T10:53:29 IST" name="Default suite" finished-at="2020-07-30T10:53:42 IST" duration-ms="13321">
    <groups>
    </groups>
    <test started-at="2020-07-30T10:53:29 IST" name="Default test" finished-at="2020-07-30T10:53:42 IST" duration-ms="13321">
      <class name="com.testPackage.Demo.LoginPage">
        <test-method signature="basePageNavigation()[pri:0, instance:com.testPackage.Demo.LoginPage@50caa560]" started-at="2020-07-30T10:53:29 IST" name="basePageNavigation" finished-at="2020-07-30T10:53:42 IST" duration-ms="13262" status="PASS">
          <reporter-output>
          </reporter-output>
        </test-method> <!-- basePageNavigation -->
      </class> <!-- com.testPackage.Demo.LoginPage -->
    </test> <!-- Default test -->
  </suite> <!-- Default suite -->
</testng-results>
